<?xml version="1.0" encoding="UTF-8"?>
<!-- Generated by org.testng.reporters.JUnitReportReporter -->
<testsuite skipped="0" hostname="Sudips-MacBook-Air.local" name="com.hdfclife.insurance.test.HdfclifeTest" tests="1" failures="0" timestamp="05 Aug 2018 03:54:27 GMT" time="14.145" errors="0">
  <testcase name="verifyBasicDetailsEntry" time="14.145" classname="com.hdfclife.insurance.test.HdfclifeTest"/>
</testsuite> <!-- com.hdfclife.insurance.test.HdfclifeTest -->
